{"contracts/core/CrowdDropBase.sol":{"l":{},"path":"/Users/jim/Git-Projects/CrowdDrop/eth/contracts/core/CrowdDropBase.sol","s":{},"b":{},"f":{},"fnMap":{},"statementMap":{},"branchMap":{}},"contracts/core/CrowdDropCore.sol":{"l":{"13":3,"16":3,"19":3,"31":0,"32":0},"path":"/Users/jim/Git-Projects/CrowdDrop/eth/contracts/core/CrowdDropCore.sol","s":{"1":3,"2":3,"3":3,"4":0,"5":0},"b":{},"f":{"1":3,"2":0},"fnMap":{"1":{"name":"constructor","line":11,"loc":{"start":{"line":11,"column":4},"end":{"line":21,"column":4}}},"2":{"name":"setNewAddress","line":29,"loc":{"start":{"line":29,"column":4},"end":{"line":33,"column":4}}}},"statementMap":{"1":{"start":{"line":13,"column":8},"end":{"line":13,"column":20}},"2":{"start":{"line":16,"column":8},"end":{"line":16,"column":30}},"3":{"start":{"line":19,"column":8},"end":{"line":19,"column":30}},"4":{"start":{"line":31,"column":8},"end":{"line":31,"column":38}},"5":{"start":{"line":32,"column":8},"end":{"line":32,"column":34}}},"branchMap":{}},"contracts/roles/AdminsManager.sol":{"l":{"24":0,"25":0,"33":0,"37":0,"38":0,"43":0,"47":0,"51":0,"55":0,"56":0,"60":0,"61":0,"70":0,"74":0,"76":0,"89":0,"91":0,"99":0,"100":0,"102":0,"110":0,"113":0,"117":0,"121":0,"126":0,"129":0,"134":0,"136":0,"139":0,"144":0,"152":0,"154":0,"156":0,"158":0,"166":0,"167":0,"175":0,"176":0,"184":0,"192":0},"path":"/Users/jim/Git-Projects/CrowdDrop/eth/contracts/roles/AdminsManager.sol","s":{"1":0,"2":0,"3":0,"4":0,"5":0,"6":0,"7":0,"8":0,"9":0,"10":0,"11":0,"12":0,"13":0,"14":0,"15":0,"16":0,"17":0,"18":0,"19":0,"20":0,"21":0,"22":0,"23":0,"24":0,"25":0,"26":0,"27":0,"28":0,"29":0,"30":0,"31":0,"32":0,"33":0,"34":0,"35":0,"36":0,"37":0,"38":0},"b":{"1":[0,0],"2":[0,0]},"f":{"1":6,"2":0,"3":0,"4":0,"5":0,"6":0,"7":0,"8":0,"9":0,"10":0,"11":0,"12":0,"13":0,"14":0,"15":0,"16":0,"17":0,"18":0},"fnMap":{"1":{"name":"constructor","line":21,"loc":{"start":{"line":21,"column":4},"end":{"line":21,"column":19}}},"2":{"name":"onlyAdmins","line":23,"loc":{"start":{"line":23,"column":4},"end":{"line":26,"column":4}}},"3":{"name":"isAdmin","line":28,"loc":{"start":{"line":28,"column":4},"end":{"line":34,"column":4}}},"4":{"name":"onlyAdminsOrCOO","line":36,"loc":{"start":{"line":36,"column":4},"end":{"line":39,"column":4}}},"5":{"name":"addAdmin","line":42,"loc":{"start":{"line":42,"column":4},"end":{"line":44,"column":4}}},"6":{"name":"removeAdmin","line":46,"loc":{"start":{"line":46,"column":4},"end":{"line":48,"column":4}}},"7":{"name":"renounceAdmin","line":50,"loc":{"start":{"line":50,"column":4},"end":{"line":52,"column":4}}},"8":{"name":"_addAdmin","line":54,"loc":{"start":{"line":54,"column":4},"end":{"line":57,"column":4}}},"9":{"name":"_removeAdmin","line":59,"loc":{"start":{"line":59,"column":4},"end":{"line":62,"column":4}}},"10":{"name":"readEventInfo","line":67,"loc":{"start":{"line":64,"column":4},"end":{"line":71,"column":4}}},"11":{"name":"createNewGroup","line":73,"loc":{"start":{"line":73,"column":4},"end":{"line":92,"column":4}}},"12":{"name":"startEvent","line":97,"loc":{"start":{"line":94,"column":4},"end":{"line":103,"column":4}}},"13":{"name":"closeEventRegistration","line":108,"loc":{"start":{"line":105,"column":4},"end":{"line":145,"column":4}}},"14":{"name":"endEvent","line":150,"loc":{"start":{"line":147,"column":4},"end":{"line":159,"column":4}}},"15":{"name":"addEligibleRecipient","line":164,"loc":{"start":{"line":161,"column":4},"end":{"line":168,"column":4}}},"16":{"name":"removeEligibleRecipient","line":173,"loc":{"start":{"line":170,"column":4},"end":{"line":177,"column":4}}},"17":{"name":"addContributor","line":182,"loc":{"start":{"line":179,"column":4},"end":{"line":185,"column":4}}},"18":{"name":"removeContributor","line":190,"loc":{"start":{"line":187,"column":4},"end":{"line":193,"column":4}}}},"statementMap":{"1":{"start":{"line":24,"column":8},"end":{"line":24,"column":44}},"2":{"start":{"line":33,"column":8},"end":{"line":33,"column":47}},"3":{"start":{"line":37,"column":8},"end":{"line":37,"column":72}},"4":{"start":{"line":43,"column":8},"end":{"line":43,"column":34}},"5":{"start":{"line":47,"column":8},"end":{"line":47,"column":37}},"6":{"start":{"line":51,"column":8},"end":{"line":51,"column":40}},"7":{"start":{"line":55,"column":8},"end":{"line":55,"column":38}},"8":{"start":{"line":56,"column":8},"end":{"line":56,"column":41}},"9":{"start":{"line":60,"column":8},"end":{"line":60,"column":39}},"10":{"start":{"line":61,"column":8},"end":{"line":61,"column":43}},"11":{"start":{"line":70,"column":8},"end":{"line":70,"column":37}},"12":{"start":{"line":74,"column":8},"end":{"line":74,"column":61}},"13":{"start":{"line":76,"column":8},"end":{"line":76,"column":2186}},"14":{"start":{"line":89,"column":8},"end":{"line":89,"column":43}},"15":{"start":{"line":91,"column":8},"end":{"line":91,"column":49}},"16":{"start":{"line":99,"column":8},"end":{"line":99,"column":68}},"17":{"start":{"line":100,"column":8},"end":{"line":100,"column":57}},"18":{"start":{"line":102,"column":8},"end":{"line":102,"column":46}},"19":{"start":{"line":110,"column":8},"end":{"line":110,"column":67}},"20":{"start":{"line":113,"column":8},"end":{"line":113,"column":3117}},"21":{"start":{"line":117,"column":8},"end":{"line":117,"column":3229}},"22":{"start":{"line":121,"column":8},"end":{"line":121,"column":3353}},"23":{"start":{"line":126,"column":12},"end":{"line":126,"column":27}},"24":{"start":{"line":129,"column":8},"end":{"line":129,"column":3525}},"25":{"start":{"line":134,"column":8},"end":{"line":134,"column":70}},"26":{"start":{"line":136,"column":8},"end":{"line":136,"column":3755}},"27":{"start":{"line":139,"column":8},"end":{"line":139,"column":3830}},"28":{"start":{"line":144,"column":8},"end":{"line":144,"column":51}},"29":{"start":{"line":152,"column":8},"end":{"line":152,"column":55}},"30":{"start":{"line":154,"column":8},"end":{"line":154,"column":61}},"31":{"start":{"line":156,"column":8},"end":{"line":156,"column":55}},"32":{"start":{"line":158,"column":8},"end":{"line":158,"column":44}},"33":{"start":{"line":166,"column":8},"end":{"line":166,"column":50}},"34":{"start":{"line":167,"column":8},"end":{"line":167,"column":53}},"35":{"start":{"line":175,"column":8},"end":{"line":175,"column":51}},"36":{"start":{"line":176,"column":8},"end":{"line":176,"column":55}},"37":{"start":{"line":184,"column":8},"end":{"line":184,"column":40}},"38":{"start":{"line":192,"column":8},"end":{"line":192,"column":43}}},"branchMap":{"1":{"line":24,"type":"if","locations":[{"start":{"line":24,"column":8},"end":{"line":24,"column":8}},{"start":{"line":24,"column":8},"end":{"line":24,"column":8}}]},"2":{"line":37,"type":"if","locations":[{"start":{"line":37,"column":8},"end":{"line":37,"column":8}},{"start":{"line":37,"column":8},"end":{"line":37,"column":8}}]}}},"contracts/roles/ContributorManager.sol":{"l":{"20":0,"21":0,"30":0,"38":0,"42":0,"43":0,"47":0,"48":0,"57":0},"path":"/Users/jim/Git-Projects/CrowdDrop/eth/contracts/roles/ContributorManager.sol","s":{"1":0,"2":0,"3":0,"4":0,"5":0,"6":0,"7":0,"8":0},"b":{"1":[0,0]},"f":{"1":9,"2":0,"3":0,"4":0,"5":0,"6":0,"7":0},"fnMap":{"1":{"name":"constructor","line":17,"loc":{"start":{"line":17,"column":4},"end":{"line":17,"column":19}}},"2":{"name":"onlyContributor","line":19,"loc":{"start":{"line":19,"column":4},"end":{"line":22,"column":4}}},"3":{"name":"isContributor","line":27,"loc":{"start":{"line":24,"column":4},"end":{"line":31,"column":4}}},"4":{"name":"renounceContributor","line":36,"loc":{"start":{"line":33,"column":4},"end":{"line":39,"column":4}}},"5":{"name":"_addContributor","line":41,"loc":{"start":{"line":41,"column":4},"end":{"line":44,"column":4}}},"6":{"name":"_removeContributor","line":46,"loc":{"start":{"line":46,"column":4},"end":{"line":49,"column":4}}},"7":{"name":"contributeToPot","line":55,"loc":{"start":{"line":51,"column":4},"end":{"line":58,"column":4}}}},"statementMap":{"1":{"start":{"line":20,"column":8},"end":{"line":20,"column":50}},"2":{"start":{"line":30,"column":8},"end":{"line":30,"column":53}},"3":{"start":{"line":38,"column":8},"end":{"line":38,"column":46}},"4":{"start":{"line":42,"column":8},"end":{"line":42,"column":44}},"5":{"start":{"line":43,"column":8},"end":{"line":43,"column":47}},"6":{"start":{"line":47,"column":8},"end":{"line":47,"column":45}},"7":{"start":{"line":48,"column":8},"end":{"line":48,"column":49}},"8":{"start":{"line":57,"column":8},"end":{"line":57,"column":61}}},"branchMap":{"1":{"line":20,"type":"if","locations":[{"start":{"line":20,"column":8},"end":{"line":20,"column":8}},{"start":{"line":20,"column":8},"end":{"line":20,"column":8}}]}}},"contracts/roles/ExecutivesAccessControl.sol":{"l":{"37":0,"38":0,"43":0,"44":0,"49":0,"50":0,"54":0,"59":0,"65":0,"67":0,"73":0,"75":0,"81":0,"83":0,"90":0,"91":0,"96":0,"97":0,"103":0,"113":0},"path":"/Users/jim/Git-Projects/CrowdDrop/eth/contracts/roles/ExecutivesAccessControl.sol","s":{"1":0,"2":0,"3":0,"4":0,"5":0,"6":0,"7":0,"8":0,"9":0,"10":0,"11":0,"12":0,"13":0,"14":0},"b":{"1":[0,0],"2":[0,0],"3":[0,0],"4":[0,0],"5":[0,0],"6":[0,0],"7":[0,0],"8":[0,0],"9":[0,0]},"f":{"1":0,"2":0,"3":0,"4":0,"5":0,"6":0,"7":0,"8":0,"9":0,"10":0,"11":0},"fnMap":{"1":{"name":"onlyCEO","line":36,"loc":{"start":{"line":36,"column":4},"end":{"line":39,"column":4}}},"2":{"name":"onlyCFO","line":42,"loc":{"start":{"line":42,"column":4},"end":{"line":45,"column":4}}},"3":{"name":"onlyCOO","line":48,"loc":{"start":{"line":48,"column":4},"end":{"line":51,"column":4}}},"4":{"name":"onlyCLevel","line":53,"loc":{"start":{"line":53,"column":4},"end":{"line":60,"column":4}}},"5":{"name":"setCEO","line":64,"loc":{"start":{"line":64,"column":4},"end":{"line":68,"column":4}}},"6":{"name":"setCFO","line":72,"loc":{"start":{"line":72,"column":4},"end":{"line":76,"column":4}}},"7":{"name":"setCOO","line":80,"loc":{"start":{"line":80,"column":4},"end":{"line":84,"column":4}}},"8":{"name":"whenNotPaused","line":89,"loc":{"start":{"line":89,"column":4},"end":{"line":92,"column":4}}},"9":{"name":"whenPaused","line":95,"loc":{"start":{"line":95,"column":4},"end":{"line":98,"column":4}}},"10":{"name":"pause","line":102,"loc":{"start":{"line":102,"column":4},"end":{"line":104,"column":4}}},"11":{"name":"unpause","line":111,"loc":{"start":{"line":111,"column":4},"end":{"line":114,"column":4}}}},"statementMap":{"1":{"start":{"line":37,"column":8},"end":{"line":37,"column":40}},"2":{"start":{"line":43,"column":8},"end":{"line":43,"column":40}},"3":{"start":{"line":49,"column":8},"end":{"line":49,"column":40}},"4":{"start":{"line":54,"column":8},"end":{"line":54,"column":2190}},"5":{"start":{"line":65,"column":8},"end":{"line":65,"column":37}},"6":{"start":{"line":67,"column":8},"end":{"line":67,"column":27}},"7":{"start":{"line":73,"column":8},"end":{"line":73,"column":37}},"8":{"start":{"line":75,"column":8},"end":{"line":75,"column":27}},"9":{"start":{"line":81,"column":8},"end":{"line":81,"column":37}},"10":{"start":{"line":83,"column":8},"end":{"line":83,"column":27}},"11":{"start":{"line":90,"column":8},"end":{"line":90,"column":23}},"12":{"start":{"line":96,"column":8},"end":{"line":96,"column":22}},"13":{"start":{"line":103,"column":8},"end":{"line":103,"column":20}},"14":{"start":{"line":113,"column":8},"end":{"line":113,"column":21}}},"branchMap":{"1":{"line":37,"type":"if","locations":[{"start":{"line":37,"column":8},"end":{"line":37,"column":8}},{"start":{"line":37,"column":8},"end":{"line":37,"column":8}}]},"2":{"line":43,"type":"if","locations":[{"start":{"line":43,"column":8},"end":{"line":43,"column":8}},{"start":{"line":43,"column":8},"end":{"line":43,"column":8}}]},"3":{"line":49,"type":"if","locations":[{"start":{"line":49,"column":8},"end":{"line":49,"column":8}},{"start":{"line":49,"column":8},"end":{"line":49,"column":8}}]},"4":{"line":54,"type":"if","locations":[{"start":{"line":54,"column":8},"end":{"line":54,"column":8}},{"start":{"line":54,"column":8},"end":{"line":54,"column":8}}]},"5":{"line":65,"type":"if","locations":[{"start":{"line":65,"column":8},"end":{"line":65,"column":8}},{"start":{"line":65,"column":8},"end":{"line":65,"column":8}}]},"6":{"line":73,"type":"if","locations":[{"start":{"line":73,"column":8},"end":{"line":73,"column":8}},{"start":{"line":73,"column":8},"end":{"line":73,"column":8}}]},"7":{"line":81,"type":"if","locations":[{"start":{"line":81,"column":8},"end":{"line":81,"column":8}},{"start":{"line":81,"column":8},"end":{"line":81,"column":8}}]},"8":{"line":90,"type":"if","locations":[{"start":{"line":90,"column":8},"end":{"line":90,"column":8}},{"start":{"line":90,"column":8},"end":{"line":90,"column":8}}]},"9":{"line":96,"type":"if","locations":[{"start":{"line":96,"column":8},"end":{"line":96,"column":8}},{"start":{"line":96,"column":8},"end":{"line":96,"column":8}}]}}},"contracts/roles/RecipientsManager.sol":{"l":{"17":0,"18":0,"27":0,"31":0,"32":0,"41":0,"50":0,"51":0,"52":0,"54":0,"62":0,"63":0},"path":"/Users/jim/Git-Projects/CrowdDrop/eth/contracts/roles/RecipientsManager.sol","s":{"1":0,"2":0,"3":0,"4":0,"5":0,"6":0,"7":0,"8":0,"9":0},"b":{"1":[0,0],"2":[0,0]},"f":{"1":12,"2":0,"3":0,"4":0,"5":0,"6":0,"7":0},"fnMap":{"1":{"name":"constructor","line":14,"loc":{"start":{"line":14,"column":4},"end":{"line":14,"column":19}}},"2":{"name":"onlyEligibleRecipients","line":16,"loc":{"start":{"line":16,"column":4},"end":{"line":19,"column":4}}},"3":{"name":"isEligibleRecipient","line":24,"loc":{"start":{"line":21,"column":4},"end":{"line":28,"column":4}}},"4":{"name":"onlyRegisteredRecipients","line":30,"loc":{"start":{"line":30,"column":4},"end":{"line":33,"column":4}}},"5":{"name":"isRegisteredRecipient","line":38,"loc":{"start":{"line":35,"column":4},"end":{"line":42,"column":4}}},"6":{"name":"registerForEvent","line":47,"loc":{"start":{"line":44,"column":4},"end":{"line":55,"column":4}}},"7":{"name":"claimWinnings","line":60,"loc":{"start":{"line":57,"column":4},"end":{"line":64,"column":4}}}},"statementMap":{"1":{"start":{"line":17,"column":8},"end":{"line":17,"column":56}},"2":{"start":{"line":27,"column":8},"end":{"line":27,"column":59}},"3":{"start":{"line":31,"column":8},"end":{"line":31,"column":58}},"4":{"start":{"line":41,"column":8},"end":{"line":41,"column":61}},"5":{"start":{"line":50,"column":8},"end":{"line":50,"column":55}},"6":{"start":{"line":51,"column":8},"end":{"line":51,"column":58}},"7":{"start":{"line":54,"column":8},"end":{"line":54,"column":53}},"8":{"start":{"line":62,"column":8},"end":{"line":62,"column":48}},"9":{"start":{"line":63,"column":8},"end":{"line":63,"column":49}}},"branchMap":{"1":{"line":17,"type":"if","locations":[{"start":{"line":17,"column":8},"end":{"line":17,"column":8}},{"start":{"line":17,"column":8},"end":{"line":17,"column":8}}]},"2":{"line":31,"type":"if","locations":[{"start":{"line":31,"column":8},"end":{"line":31,"column":8}},{"start":{"line":31,"column":8},"end":{"line":31,"column":8}}]}}}}